[2026-04-24 00:42:55] [INFO] Приложение запущено
[2026-04-24 00:42:55] [INFO] Главное окно инициализировано
[2026-04-24 00:43:06] [INFO] Приложение завершено
[2026-04-24 23:12:13] [INFO] Приложение запущено
[2026-04-24 23:12:13] [INFO] Главное окно инициализировано
[2026-04-24 23:13:14] [INFO] Загружено слово: кот
[2026-04-24 23:13:14] [INFO] Загружено слово: дом
[2026-04-24 23:13:14] [INFO] Загружено слово: книга
[2026-04-24 23:13:14] [INFO] Загружено слово: стол
[2026-04-24 23:13:14] [INFO] Загружено слово: мама
[2026-04-24 23:13:14] [INFO] Загружено слово: окно
[2026-04-24 23:13:14] [INFO] Загружено слово: дерево
[2026-04-24 23:13:14] [INFO] Загружено слово: город
[2026-04-24 23:13:14] [WARNING] Дубликат формы 'кота' при построении индекса
[2026-04-24 23:13:14] [WARNING] Дубликат формы 'дом' при построении индекса
[2026-04-24 23:13:14] [WARNING] Дубликат формы 'книге' при построении индекса
[2026-04-24 23:13:14] [WARNING] Дубликат формы 'стол' при построении индекса
[2026-04-24 23:13:14] [WARNING] Дубликат формы 'маме' при построении индекса
[2026-04-24 23:13:14] [WARNING] Дубликат формы 'окно' при построении индекса
[2026-04-24 23:13:14] [WARNING] Дубликат формы 'дерево' при построении индекса
[2026-04-24 23:13:14] [WARNING] Дубликат формы 'город' при построении индекса
[2026-04-24 23:13:14] [INFO] Загружено 8 слов из файла C:/dev/task4/data/declensions.txt
[2026-04-24 23:13:40] [INFO] Поиск 'город' -> город (Именительный)
[2026-04-24 23:14:02] [INFO] Поиск 'города' -> город (Родительный)
[2026-04-24 23:14:08] [INFO] Поиск 'маме' -> мама (Предложный)
[2026-04-24 23:14:13] [INFO] Поиск 'маме' -> мама (Предложный)
[2026-04-24 23:14:14] [INFO] Поиск 'маме' -> мама (Предложный)
[2026-04-24 23:14:20] [INFO] Выбран входной файл: C:/dev/task4/data/input_words.txt
[2026-04-24 23:15:00] [INFO] Выбран выходной файл: C:/dev/task4/data/outpur.txt
[2026-04-24 23:15:03] [INFO] Начало обработки файла: C:/dev/task4/data/input_words.txt
[2026-04-24 23:15:03] [INFO] Слово 'коту' -> кот (Дательный)
[2026-04-24 23:15:03] [INFO] Слово 'дома' -> дом (Родительный)
[2026-04-24 23:15:03] [INFO] Слово 'книгой' -> книга (Творительный)
[2026-04-24 23:15:03] [INFO] Слово 'столу' -> стол (Дательный)
[2026-04-24 23:15:03] [INFO] Слово 'маму' -> мама (Винительный)
[2026-04-24 23:15:03] [INFO] Слово 'окном' -> окно (Творительный)
[2026-04-24 23:15:03] [INFO] Слово 'дереву' -> дерево (Дательный)
[2026-04-24 23:15:03] [INFO] Слово 'городе' -> город (Предложный)
[2026-04-24 23:15:03] [INFO] Слово 'кот' -> кот (Именительный)
[2026-04-24 23:15:03] [INFO] Слово 'книга' -> книга (Именительный)
[2026-04-24 23:15:03] [INFO] Обработка завершена: 10 успешно, 0 не найдено. Результат записан в: C:/dev/task4/data/outpur.txt
[2026-04-24 23:15:58] [INFO] Лог очищен пользователем
[2026-04-24 23:16:00] [INFO] Приложение завершено
[2026-04-25 07:17:40] [INFO] Приложение запущено
[2026-04-25 07:17:40] [INFO] Главное окно инициализировано
[2026-04-25 07:17:58] [INFO] Загружено слово: кот
[2026-04-25 07:17:58] [INFO] Загружено слово: дом
[2026-04-25 07:17:58] [INFO] Загружено слово: книга
[2026-04-25 07:17:58] [INFO] Загружено слово: стол
[2026-04-25 07:17:58] [INFO] Загружено слово: мама
[2026-04-25 07:17:58] [INFO] Загружено слово: окно
[2026-04-25 07:17:58] [INFO] Загружено слово: дерево
[2026-04-25 07:17:58] [INFO] Загружено слово: город
[2026-04-25 07:17:58] [WARNING] Дубликат формы 'кота' при построении индекса
[2026-04-25 07:17:58] [WARNING] Дубликат формы 'дом' при построении индекса
[2026-04-25 07:17:58] [WARNING] Дубликат формы 'книге' при построении индекса
[2026-04-25 07:17:58] [WARNING] Дубликат формы 'стол' при построении индекса
[2026-04-25 07:17:58] [WARNING] Дубликат формы 'маме' при построении индекса
[2026-04-25 07:17:58] [WARNING] Дубликат формы 'окно' при построении индекса
[2026-04-25 07:17:58] [WARNING] Дубликат формы 'дерево' при построении индекса
[2026-04-25 07:17:58] [WARNING] Дубликат формы 'город' при построении индекса
[2026-04-25 07:17:58] [INFO] Загружено 8 слов из файла C:/dev/task4/data/declensions.txt
[2026-04-25 07:18:06] [WARNING] Поиск 'пара': не найдено
[2026-04-25 07:18:11] [INFO] Поиск 'столу' -> стол (Дательный)
